<?xml version="1.0" encoding="UTF-8"?>
<!-- Generated by org.testng.reporters.JUnitReportReporter -->
<testsuite hostname="LAPTOP-FDHV7N3Q" failures="0" tests="2" name="Runners._04_TestRunnerSmoke" time="32.089" errors="0" timestamp="1 Dec 2022 18:11:05 GMT">
  <testcase classname="Runners._04_TestRunnerSmoke" name="runScenario" time="14.669"/>
  <testcase classname="Runners._04_TestRunnerSmoke" name="runScenario" time="17.420"/>
</testsuite> <!-- Runners._04_TestRunnerSmoke -->
